<?xml version="1.0" encoding="UTF-8"?>
<!-- Generated by org.testng.reporters.JUnitReportReporter -->
<testsuite hostname="DESKTOP-4KKR88V" failures="0" tests="1" name="testCases.TC_01_AccountRegistration" time="2.153" errors="0" timestamp="2024-08-21T21:49:14 IST" skipped="0">
  <testcase classname="testCases.TC_01_AccountRegistration" name="accountRegistration" time="2.153"/>
</testsuite> <!-- testCases.TC_01_AccountRegistration -->
