<?xml version="1.0" encoding="UTF-8"?>
<!-- Generated by org.testng.reporters.JUnitReportReporter -->
<testsuite hostname="DESKTOP-4KKR88V" failures="0" tests="1" name="testCases.TC_02_LoginTest" time="1.146" errors="0" timestamp="2024-08-21T21:50:45 IST" skipped="0">
  <testcase classname="testCases.TC_02_LoginTest" name="loginTest" time="1.146"/>
</testsuite> <!-- testCases.TC_02_LoginTest -->
